rch0420070621       1.020875E-01
rch0420070719       2.984522E-01
rch0420070817       5.986627E-01
rch0420070913       8.295689E-01
rch0420071016       -6.717085E-02
rch0420071114       -2.629802E-01
rch0420080104       -2.365842E-01
rch0420080206       -2.673817E-01
rch0420080304       -1.916772E-01
rch0420080408       -2.460192E-01
rch0420080506       -1.877689E-01
rch0420080613       -9.832384E-02
rch0420080707       -1.142183E-03
rch0420080728       2.237199E-01
rch0420080818       4.129389E-01
rch0420080908       4.419221E-01
rch0420080930       5.376409E-01
rch0420091019       -4.852006E-02
rch0420091116       -1.430937E-01
rch0420091214       -1.947961E-01
rch0420100104       -2.803015E-01
rch0420100124       -2.573443E-01
rch0420100218       -2.742423E-01
rch0420100308       -4.793185E-02
rch0420100329       6.008641E-02
rch0420100419       -2.047113E-01
rch0420100510       -1.886680E-01
rch0420100602       1.664313E-02
rch0420100621       -8.743693E-02
rch0420100712       -6.652765E-02
rch0420100802       6.162781E-02
rch0420100823       2.711513E-01
rch0420100913       3.345725E-01
rch0420101004       7.015643E-02
rch0420101025       -1.836160E-01
rch0420101117       -1.135295E-01
rch0420101206       -2.641341E-01
rch0420101227       -1.406845E-01
rch0920080408       -2.726237E-01
rch0920080506       -2.324468E-01
rch0920080613       -1.554717E-01
rch0920080707       -9.172457E-02
rch0920080728       7.952680E-02
rch0920080818       3.695514E-01
rch0920080908       3.887093E-01
rch0920080930       5.049498E-01
rch1220070621       -5.666199E-02
rch1220070719       1.001867E-01
rch1220070817       5.385928E-01
rch1220070913       7.661162E-01
rch1220071016       -2.374836E-01
rch1220071114       -3.701119E-01
rch1220080104       -2.783400E-01
rch1220080206       -3.014045E-01
rch1220080304       -2.342762E-01
rch1220080408       -2.880381E-01
rch1220080506       -2.578057E-01
rch1220080613       -1.924238E-01
rch1220080707       -1.442733E-01
rch1220080728       7.665127E-03
rch1220080818       3.388453E-01
rch1220080908       3.512470E-01
rch1220080930       4.811082E-01
rch1720070621       -9.287705E-02
rch1720070719       3.668545E-02
rch1720070817       5.713257E-01
rch1720070913       7.905034E-01
rch1720071016       -2.801295E-01
rch1720071114       -3.564350E-01
rch1720071204       9.567225E-02
rch1720071205       8.639674E-02
rch1720071206       3.776531E-02
rch1720080104       -2.096151E-01
rch1720080206       -2.611140E-01
rch1720080304       -2.032436E-01
rch1720080408       -2.895772E-01
rch1720080506       -2.860360E-01
rch1720081111       3.117019E-02
rch1720081112       8.192941E-02
rch1720081113       8.623597E-02
rch1720091019       -3.063027E-01
rch1720091116       -1.282432E-01
rch1720091214       -2.598196E-01
rch1720100104       -2.935659E-01
rch1720100124       -3.248874E-01
rch1720100218       -3.304341E-01
rch1720100308       -6.955348E-02
rch1720100329       1.637118E-01
rch1720100419       -2.944767E-01
rch1720100510       -2.871861E-01
rch1720100602       -7.001864E-02
rch1720100621       -2.106051E-01
rch1720100712       -2.085882E-01
rch1720100802       -1.573915E-01
rch1720100823       -5.854729E-03
rch1720100913       5.876135E-02
rch1720101004       -1.503890E-01
rch1720101025       -3.466397E-01
rch1720101117       -5.486099E-02
rch1720101206       -3.565049E-01
rch1720101227       -4.903949E-02
rch1820070621       -1.432308E-01
rch1820070719       -2.492766E-02
rch1820070817       5.610228E-01
rch1820070913       7.796819E-01
rch1820071016       -3.299636E-01
rch1820071114       -3.904082E-01
rch1820080104       -2.259739E-01
rch1820080206       -2.780054E-01
rch1820080304       -2.184541E-01
rch1820080408       -3.035227E-01
rch1820080506       -3.068668E-01
rch0420070817dig    5.986627E-01
rch0420070913dig    8.295689E-01
rch0420080613dig    -9.832384E-02
rch0420080707dig    -1.142183E-03
rch0420080818dig    4.129389E-01
rch0420080908dig    4.419221E-01
rch0420080930dig    5.376409E-01
rch0420100329dig    6.008641E-02
rch0420100602dig    1.664313E-02
rch0420100802dig    6.162781E-02
rch0420100913dig    3.345725E-01
rch0420101025dig    -1.836160E-01
rch1720081113dig    8.623597E-02
rch1720100329dig    1.637118E-01
rch1720100602dig    -7.001864E-02
rch1720101025dig    -3.466397E-01
